proguard/mapping.txt
com.owner.roommates.BuildConfig -> com.owner.roommates.BuildConfig:
com.owner.roommates.CircleImageView -> com.owner.roommates.CircleImageView:
    float angle -> a
    int position -> b
    java.lang.String name -> c
    float getAngle() -> getAngle
    void setAngle(float) -> setAngle
    int getPosition() -> getPosition
    void setPosition(int) -> setPosition
    java.lang.String getName() -> getName
    void setName(java.lang.String) -> setName
com.owner.roommates.CircleLayout -> com.owner.roommates.CircleLayout:
    com.owner.roommates.CircleLayout$OnItemLongClickListener mOnItemLongClickListener -> a
    com.owner.roommates.CircleLayout$OnItemClickListener mOnItemClickListener -> b
    com.owner.roommates.CircleLayout$OnItemSelectedListener mOnItemSelectedListener -> c
    com.owner.roommates.CircleLayout$OnCenterClickListener mOnCenterClickListener -> d
    android.graphics.Bitmap imageOriginal -> e
    android.graphics.Bitmap imageScaled -> f
    android.graphics.Matrix matrix -> g
    int mTappedViewsPostition -> h
    android.view.View mTappedView -> i
    int selected -> j
    int mMaxChildWidth -> k
    int mMaxChildHeight -> l
    int childWidth -> m
    int childHeight -> n
    int circleWidth -> o
    int circleHeight -> p
    int radius -> q
    android.view.GestureDetector mGestureDetector -> r
    boolean[] quadrantTouched -> s
    boolean allowRotating -> t
    float angle -> u
    float firstChildPos -> v
    boolean rotateToCenter -> w
    boolean isRotating -> x
    double startAngle -> y
    void init(android.util.AttributeSet) -> a
    android.view.View getSelectedItem() -> getSelectedItem
    void onDraw(android.graphics.Canvas) -> onDraw
    void onMeasure(int,int) -> onMeasure
    void onLayout(boolean,int,int,int,int) -> onLayout
    void rotateButtons(float) -> a
    double getAngle(double,double) -> b
    int getQuadrant(double,double) -> c
com.owner.roommates.CircleLayout$FlingRunnable -> com.owner.roommates.CircleLayout$FlingRunnable:
    float velocity -> d
    float angleDelay -> a
    boolean isFirstForwarding -> b
    com.owner.roommates.CircleLayout this$0 -> c
    void run() -> run
com.owner.roommates.CircleLayout$MyGestureListener -> com.owner.roommates.CircleLayout$MyGestureListener:
    com.owner.roommates.CircleLayout this$0 -> a
    boolean onFling(android.view.MotionEvent,android.view.MotionEvent,float,float) -> onFling
    void onLongPress(android.view.MotionEvent) -> onLongPress
    boolean onSingleTapUp(android.view.MotionEvent) -> onSingleTapUp
com.owner.roommates.CircleLayout$OnCenterClickListener -> com.owner.roommates.CircleLayout$OnCenterClickListener:
    void onCenterClick() -> a
com.owner.roommates.CircleLayout$OnItemClickListener -> com.owner.roommates.CircleLayout$OnItemClickListener:
    void onItemClick(android.view.View,int,long,java.lang.String) -> a
com.owner.roommates.CircleLayout$OnItemLongClickListener -> com.owner.roommates.CircleLayout$OnItemLongClickListener:
    void onItemLongClick(android.view.View,int,long,java.lang.String) -> b
com.owner.roommates.CircleLayout$OnItemSelectedListener -> com.owner.roommates.CircleLayout$OnItemSelectedListener:
    void onItemSelected(android.view.View,int,long,java.lang.String) -> c